<?xml version="1.0" encoding="UTF-8"?>
<!-- Generated by org.testng.reporters.JUnitXMLReporter -->
<testsuite hostname="Lenovo" ignored="0" name="MyTest" tests="6" failures="1" timestamp="2021-01-29T14:34:13 IST" time="0.485" errors="0">
  <testcase name="validation" time="0.079" classname="com.jp.assesment.My_Test">
    <skipped/>
  </testcase> <!-- validation -->
  <testcase name="validation" time="0.016" classname="com.jp.assesment.My_Test">
    <skipped/>
  </testcase> <!-- validation -->
  <testcase name="validation" time="0.0" classname="com.jp.assesment.My_Test">
    <skipped/>
  </testcase> <!-- validation -->
  <testcase name="validation" time="0.0" classname="com.jp.assesment.My_Test">
    <skipped/>
  </testcase> <!-- validation -->
  <testcase name="validation" time="0.016" classname="com.jp.assesment.My_Test">
    <skipped/>
  </testcase> <!-- validation -->
  <testcase name="validation" time="0.015" classname="com.jp.assesment.My_Test">
    <failure type="java.lang.AssertionError" message="expected [Sherlock] but found [Watson]">
      <![CDATA[java.lang.AssertionError: expected [Sherlock] but found [Watson]
at com.jp.assesment.My_Test.validation(My_Test.java:12)
at java.util.ArrayList.forEach(Unknown Source)
... Removed 32 stack frames]]>
    </failure>
  </testcase> <!-- validation -->
</testsuite> <!-- MyTest -->
